CRITICAL - 2023-03-04 16:20:30 --> Cannot use object of type mysqli as array
#0 /var/www/vhosts/localhost/html/compro-ci4-javawebmedia/system/View/View.php(220): include()
#1 /var/www/vhosts/localhost/html/compro-ci4-javawebmedia/system/View/View.php(222): CodeIgniter\View\View->CodeIgniter\View\{closure}()
#2 /var/www/vhosts/localhost/html/compro-ci4-javawebmedia/system/Common.php(1217): CodeIgniter\View\View->render()
#3 /var/www/vhosts/localhost/html/compro-ci4-javawebmedia/app/Views/layout/content.php(4): view()
#4 /var/www/vhosts/localhost/html/compro-ci4-javawebmedia/app/Views/layout/wrapper.php(5): require_once('/var/www/vhosts...')
#5 /var/www/vhosts/localhost/html/compro-ci4-javawebmedia/system/View/View.php(220): include('/var/www/vhosts...')
#6 /var/www/vhosts/localhost/html/compro-ci4-javawebmedia/system/View/View.php(222): CodeIgniter\View\View->CodeIgniter\View\{closure}()
#7 /var/www/vhosts/localhost/html/compro-ci4-javawebmedia/system/Common.php(1217): CodeIgniter\View\View->render()
#8 /var/www/vhosts/localhost/html/compro-ci4-javawebmedia/app/Controllers/Exercise.php(45): view()
#9 /var/www/vhosts/localhost/html/compro-ci4-javawebmedia/system/CodeIgniter.php(936): App\Controllers\Exercise->materi()
#10 /var/www/vhosts/localhost/html/compro-ci4-javawebmedia/system/CodeIgniter.php(432): CodeIgniter\CodeIgniter->runController()
#11 /var/www/vhosts/localhost/html/compro-ci4-javawebmedia/system/CodeIgniter.php(333): CodeIgniter\CodeIgniter->handleRequest()
#12 /var/www/vhosts/localhost/html/compro-ci4-javawebmedia/index.php(43): CodeIgniter\CodeIgniter->run()
#13 {main}
CRITICAL - 2023-03-04 16:23:04 --> Cannot use object of type mysqli as array
#0 /var/www/vhosts/localhost/html/compro-ci4-javawebmedia/system/View/View.php(220): include()
#1 /var/www/vhosts/localhost/html/compro-ci4-javawebmedia/system/View/View.php(222): CodeIgniter\View\View->CodeIgniter\View\{closure}()
#2 /var/www/vhosts/localhost/html/compro-ci4-javawebmedia/system/Common.php(1217): CodeIgniter\View\View->render()
#3 /var/www/vhosts/localhost/html/compro-ci4-javawebmedia/app/Views/layout/content.php(4): view()
#4 /var/www/vhosts/localhost/html/compro-ci4-javawebmedia/app/Views/layout/wrapper.php(5): require_once('/var/www/vhosts...')
#5 /var/www/vhosts/localhost/html/compro-ci4-javawebmedia/system/View/View.php(220): include('/var/www/vhosts...')
#6 /var/www/vhosts/localhost/html/compro-ci4-javawebmedia/system/View/View.php(222): CodeIgniter\View\View->CodeIgniter\View\{closure}()
#7 /var/www/vhosts/localhost/html/compro-ci4-javawebmedia/system/Common.php(1217): CodeIgniter\View\View->render()
#8 /var/www/vhosts/localhost/html/compro-ci4-javawebmedia/app/Controllers/Exercise.php(45): view()
#9 /var/www/vhosts/localhost/html/compro-ci4-javawebmedia/system/CodeIgniter.php(936): App\Controllers\Exercise->materi()
#10 /var/www/vhosts/localhost/html/compro-ci4-javawebmedia/system/CodeIgniter.php(432): CodeIgniter\CodeIgniter->runController()
#11 /var/www/vhosts/localhost/html/compro-ci4-javawebmedia/system/CodeIgniter.php(333): CodeIgniter\CodeIgniter->handleRequest()
#12 /var/www/vhosts/localhost/html/compro-ci4-javawebmedia/index.php(43): CodeIgniter\CodeIgniter->run()
#13 {main}
CRITICAL - 2023-03-04 16:23:32 --> Cannot use object of type mysqli as array
#0 /var/www/vhosts/localhost/html/compro-ci4-javawebmedia/system/View/View.php(220): include()
#1 /var/www/vhosts/localhost/html/compro-ci4-javawebmedia/system/View/View.php(222): CodeIgniter\View\View->CodeIgniter\View\{closure}()
#2 /var/www/vhosts/localhost/html/compro-ci4-javawebmedia/system/Common.php(1217): CodeIgniter\View\View->render()
#3 /var/www/vhosts/localhost/html/compro-ci4-javawebmedia/app/Views/layout/content.php(4): view()
#4 /var/www/vhosts/localhost/html/compro-ci4-javawebmedia/app/Views/layout/wrapper.php(5): require_once('/var/www/vhosts...')
#5 /var/www/vhosts/localhost/html/compro-ci4-javawebmedia/system/View/View.php(220): include('/var/www/vhosts...')
#6 /var/www/vhosts/localhost/html/compro-ci4-javawebmedia/system/View/View.php(222): CodeIgniter\View\View->CodeIgniter\View\{closure}()
#7 /var/www/vhosts/localhost/html/compro-ci4-javawebmedia/system/Common.php(1217): CodeIgniter\View\View->render()
#8 /var/www/vhosts/localhost/html/compro-ci4-javawebmedia/app/Controllers/Exercise.php(45): view()
#9 /var/www/vhosts/localhost/html/compro-ci4-javawebmedia/system/CodeIgniter.php(936): App\Controllers\Exercise->materi()
#10 /var/www/vhosts/localhost/html/compro-ci4-javawebmedia/system/CodeIgniter.php(432): CodeIgniter\CodeIgniter->runController()
#11 /var/www/vhosts/localhost/html/compro-ci4-javawebmedia/system/CodeIgniter.php(333): CodeIgniter\CodeIgniter->handleRequest()
#12 /var/www/vhosts/localhost/html/compro-ci4-javawebmedia/index.php(43): CodeIgniter\CodeIgniter->run()
#13 {main}
CRITICAL - 2023-03-04 16:23:46 --> Cannot use object of type mysqli as array
#0 /var/www/vhosts/localhost/html/compro-ci4-javawebmedia/system/View/View.php(220): include()
#1 /var/www/vhosts/localhost/html/compro-ci4-javawebmedia/system/View/View.php(222): CodeIgniter\View\View->CodeIgniter\View\{closure}()
#2 /var/www/vhosts/localhost/html/compro-ci4-javawebmedia/system/Common.php(1217): CodeIgniter\View\View->render()
#3 /var/www/vhosts/localhost/html/compro-ci4-javawebmedia/app/Views/layout/content.php(4): view()
#4 /var/www/vhosts/localhost/html/compro-ci4-javawebmedia/app/Views/layout/wrapper.php(5): require_once('/var/www/vhosts...')
#5 /var/www/vhosts/localhost/html/compro-ci4-javawebmedia/system/View/View.php(220): include('/var/www/vhosts...')
#6 /var/www/vhosts/localhost/html/compro-ci4-javawebmedia/system/View/View.php(222): CodeIgniter\View\View->CodeIgniter\View\{closure}()
#7 /var/www/vhosts/localhost/html/compro-ci4-javawebmedia/system/Common.php(1217): CodeIgniter\View\View->render()
#8 /var/www/vhosts/localhost/html/compro-ci4-javawebmedia/app/Controllers/Exercise.php(45): view()
#9 /var/www/vhosts/localhost/html/compro-ci4-javawebmedia/system/CodeIgniter.php(936): App\Controllers\Exercise->materi()
#10 /var/www/vhosts/localhost/html/compro-ci4-javawebmedia/system/CodeIgniter.php(432): CodeIgniter\CodeIgniter->runController()
#11 /var/www/vhosts/localhost/html/compro-ci4-javawebmedia/system/CodeIgniter.php(333): CodeIgniter\CodeIgniter->handleRequest()
#12 /var/www/vhosts/localhost/html/compro-ci4-javawebmedia/index.php(43): CodeIgniter\CodeIgniter->run()
#13 {main}
