ERROR - 2023-03-05 21:22:33 --> mysqli_sql_exception: Unknown column 'staff.urutan' in 'order clause' in /var/www/vhosts/localhost/html/compro-ci4-javawebmedia/system/Database/MySQLi/Connection.php:314
Stack trace:
#0 /var/www/vhosts/localhost/html/compro-ci4-javawebmedia/system/Database/MySQLi/Connection.php(314): mysqli->query()
#1 /var/www/vhosts/localhost/html/compro-ci4-javawebmedia/system/Database/BaseConnection.php(713): CodeIgniter\Database\MySQLi\Connection->execute()
#2 /var/www/vhosts/localhost/html/compro-ci4-javawebmedia/system/Database/BaseConnection.php(641): CodeIgniter\Database\BaseConnection->simpleQuery()
#3 /var/www/vhosts/localhost/html/compro-ci4-javawebmedia/system/Database/BaseBuilder.php(1866): CodeIgniter\Database\BaseConnection->query()
#4 /var/www/vhosts/localhost/html/compro-ci4-javawebmedia/app/Models/Staff_model.php(34): CodeIgniter\Database\BaseBuilder->get()
#5 /var/www/vhosts/localhost/html/compro-ci4-javawebmedia/app/Views/staff/index.php(34): App\Models\Staff_model->kategori_staff()
#6 /var/www/vhosts/localhost/html/compro-ci4-javawebmedia/system/View/View.php(220): include('/var/www/vhosts...')
#7 /var/www/vhosts/localhost/html/compro-ci4-javawebmedia/system/View/View.php(222): CodeIgniter\View\View->CodeIgniter\View\{closure}()
#8 /var/www/vhosts/localhost/html/compro-ci4-javawebmedia/system/Common.php(1217): CodeIgniter\View\View->render()
#9 /var/www/vhosts/localhost/html/compro-ci4-javawebmedia/app/Views/layout/content.php(4): view()
#10 /var/www/vhosts/localhost/html/compro-ci4-javawebmedia/app/Views/layout/wrapper.php(5): require_once('/var/www/vhosts...')
#11 /var/www/vhosts/localhost/html/compro-ci4-javawebmedia/system/View/View.php(220): include('/var/www/vhosts...')
#12 /var/www/vhosts/localhost/html/compro-ci4-javawebmedia/system/View/View.php(222): CodeIgniter\View\View->CodeIgniter\View\{closure}()
#13 /var/www/vhosts/localhost/html/compro-ci4-javawebmedia/system/Common.php(1217): CodeIgniter\View\View->render()
#14 /var/www/vhosts/localhost/html/compro-ci4-javawebmedia/app/Controllers/Staff.php(28): view()
#15 /var/www/vhosts/localhost/html/compro-ci4-javawebmedia/system/CodeIgniter.php(936): App\Controllers\Staff->index()
#16 /var/www/vhosts/localhost/html/compro-ci4-javawebmedia/system/CodeIgniter.php(432): CodeIgniter\CodeIgniter->runController()
#17 /var/www/vhosts/localhost/html/compro-ci4-javawebmedia/system/CodeIgniter.php(333): CodeIgniter\CodeIgniter->handleRequest()
#18 /var/www/vhosts/localhost/html/compro-ci4-javawebmedia/public/index.php(43): CodeIgniter\CodeIgniter->run()
#19 {main}
ERROR - 2023-03-05 21:22:33 --> mysqli_sql_exception: Unknown column 'staff.urutan' in 'order clause' in /var/www/vhosts/localhost/html/compro-ci4-javawebmedia/system/Database/MySQLi/Connection.php:314
Stack trace:
#0 /var/www/vhosts/localhost/html/compro-ci4-javawebmedia/system/Database/MySQLi/Connection.php(314): mysqli->query()
#1 /var/www/vhosts/localhost/html/compro-ci4-javawebmedia/system/Database/BaseConnection.php(713): CodeIgniter\Database\MySQLi\Connection->execute()
#2 /var/www/vhosts/localhost/html/compro-ci4-javawebmedia/system/Database/BaseConnection.php(641): CodeIgniter\Database\BaseConnection->simpleQuery()
#3 /var/www/vhosts/localhost/html/compro-ci4-javawebmedia/system/Database/BaseBuilder.php(1866): CodeIgniter\Database\BaseConnection->query()
#4 /var/www/vhosts/localhost/html/compro-ci4-javawebmedia/app/Models/Staff_model.php(34): CodeIgniter\Database\BaseBuilder->get()
#5 /var/www/vhosts/localhost/html/compro-ci4-javawebmedia/app/Views/staff/index.php(34): App\Models\Staff_model->kategori_staff()
#6 /var/www/vhosts/localhost/html/compro-ci4-javawebmedia/system/View/View.php(220): include('/var/www/vhosts...')
#7 /var/www/vhosts/localhost/html/compro-ci4-javawebmedia/system/View/View.php(222): CodeIgniter\View\View->CodeIgniter\View\{closure}()
#8 /var/www/vhosts/localhost/html/compro-ci4-javawebmedia/system/Common.php(1217): CodeIgniter\View\View->render()
#9 /var/www/vhosts/localhost/html/compro-ci4-javawebmedia/app/Views/layout/content.php(4): view()
#10 /var/www/vhosts/localhost/html/compro-ci4-javawebmedia/app/Views/layout/wrapper.php(5): require_once('/var/www/vhosts...')
#11 /var/www/vhosts/localhost/html/compro-ci4-javawebmedia/system/View/View.php(220): include('/var/www/vhosts...')
#12 /var/www/vhosts/localhost/html/compro-ci4-javawebmedia/system/View/View.php(222): CodeIgniter\View\View->CodeIgniter\View\{closure}()
#13 /var/www/vhosts/localhost/html/compro-ci4-javawebmedia/system/Common.php(1217): CodeIgniter\View\View->render()
#14 /var/www/vhosts/localhost/html/compro-ci4-javawebmedia/app/Controllers/Staff.php(28): view()
#15 /var/www/vhosts/localhost/html/compro-ci4-javawebmedia/system/CodeIgniter.php(936): App\Controllers\Staff->index()
#16 /var/www/vhosts/localhost/html/compro-ci4-javawebmedia/system/CodeIgniter.php(432): CodeIgniter\CodeIgniter->runController()
#17 /var/www/vhosts/localhost/html/compro-ci4-javawebmedia/system/CodeIgniter.php(333): CodeIgniter\CodeIgniter->handleRequest()
#18 /var/www/vhosts/localhost/html/compro-ci4-javawebmedia/public/index.php(43): CodeIgniter\CodeIgniter->run()
#19 {main}
ERROR - 2023-03-05 21:22:33 --> mysqli_sql_exception: Unknown column 'staff.urutan' in 'order clause' in /var/www/vhosts/localhost/html/compro-ci4-javawebmedia/system/Database/MySQLi/Connection.php:314
Stack trace:
#0 /var/www/vhosts/localhost/html/compro-ci4-javawebmedia/system/Database/MySQLi/Connection.php(314): mysqli->query()
#1 /var/www/vhosts/localhost/html/compro-ci4-javawebmedia/system/Database/BaseConnection.php(713): CodeIgniter\Database\MySQLi\Connection->execute()
#2 /var/www/vhosts/localhost/html/compro-ci4-javawebmedia/system/Database/BaseConnection.php(641): CodeIgniter\Database\BaseConnection->simpleQuery()
#3 /var/www/vhosts/localhost/html/compro-ci4-javawebmedia/system/Database/BaseBuilder.php(1866): CodeIgniter\Database\BaseConnection->query()
#4 /var/www/vhosts/localhost/html/compro-ci4-javawebmedia/app/Models/Staff_model.php(34): CodeIgniter\Database\BaseBuilder->get()
#5 /var/www/vhosts/localhost/html/compro-ci4-javawebmedia/app/Views/staff/index.php(34): App\Models\Staff_model->kategori_staff()
#6 /var/www/vhosts/localhost/html/compro-ci4-javawebmedia/system/View/View.php(220): include('/var/www/vhosts...')
#7 /var/www/vhosts/localhost/html/compro-ci4-javawebmedia/system/View/View.php(222): CodeIgniter\View\View->CodeIgniter\View\{closure}()
#8 /var/www/vhosts/localhost/html/compro-ci4-javawebmedia/system/Common.php(1217): CodeIgniter\View\View->render()
#9 /var/www/vhosts/localhost/html/compro-ci4-javawebmedia/app/Views/layout/content.php(4): view()
#10 /var/www/vhosts/localhost/html/compro-ci4-javawebmedia/app/Views/layout/wrapper.php(5): require_once('/var/www/vhosts...')
#11 /var/www/vhosts/localhost/html/compro-ci4-javawebmedia/system/View/View.php(220): include('/var/www/vhosts...')
#12 /var/www/vhosts/localhost/html/compro-ci4-javawebmedia/system/View/View.php(222): CodeIgniter\View\View->CodeIgniter\View\{closure}()
#13 /var/www/vhosts/localhost/html/compro-ci4-javawebmedia/system/Common.php(1217): CodeIgniter\View\View->render()
#14 /var/www/vhosts/localhost/html/compro-ci4-javawebmedia/app/Controllers/Staff.php(28): view()
#15 /var/www/vhosts/localhost/html/compro-ci4-javawebmedia/system/CodeIgniter.php(936): App\Controllers\Staff->index()
#16 /var/www/vhosts/localhost/html/compro-ci4-javawebmedia/system/CodeIgniter.php(432): CodeIgniter\CodeIgniter->runController()
#17 /var/www/vhosts/localhost/html/compro-ci4-javawebmedia/system/CodeIgniter.php(333): CodeIgniter\CodeIgniter->handleRequest()
#18 /var/www/vhosts/localhost/html/compro-ci4-javawebmedia/public/index.php(43): CodeIgniter\CodeIgniter->run()
#19 {main}
